android-app/app/build/intermediates/manifest_merge_blame_file/debug/manifest-merger-blame-debug-report.txt
1<?xml version="1.0" encoding="utf-8"?>
2<manifest xmlns:android="http://schemas.android.com/apk/res/android"
3    package="com.nowtask.app"
4    android:versionCode="1"
5    android:versionName="1.0" >
6
7    <uses-sdk
8        android:minSdkVersion="24"
9        android:targetSdkVersion="33" />
10
11    <!-- インターネット接続の許可 -->
12    <uses-permission android:name="android.permission.INTERNET" />
12-->src\main\AndroidManifest.xml:6:5-67
12-->src\main\AndroidManifest.xml:6:22-64
13    <!-- ネットワーク状態の確認 -->
14    <uses-permission android:name="android.permission.ACCESS_NETWORK_STATE" />
14-->src\main\AndroidManifest.xml:8:5-79
14-->src\main\AndroidManifest.xml:8:22-76
15    <!-- 通知の送信（Android 13以降） -->
16    <uses-permission android:name="android.permission.POST_NOTIFICATIONS" />
16-->src\main\AndroidManifest.xml:10:5-77
16-->src\main\AndroidManifest.xml:10:22-74
17    <uses-permission android:name="android.permission.WAKE_LOCK" />
17-->[androidx.work:work-runtime:2.8.1] AndroidManifest.xml:23:5-68
17-->[androidx.work:work-runtime:2.8.1] AndroidManifest.xml:23:22-65
18    <uses-permission android:name="android.permission.RECEIVE_BOOT_COMPLETED" />
18-->[androidx.work:work-runtime:2.8.1] AndroidManifest.xml:25:5-81
18-->[androidx.work:work-runtime:2.8.1] AndroidManifest.xml:25:22-78
19    <uses-permission android:name="android.permission.FOREGROUND_SERVICE" />
19-->[androidx.work:work-runtime:2.8.1] AndroidManifest.xml:26:5-77
19-->[androidx.work:work-runtime:2.8.1] AndroidManifest.xml:26:22-74
20
21    <permission
21-->[androidx.core:core:1.10.1] AndroidManifest.xml:22:5-24:47
22        android:name="com.nowtask.app.DYNAMIC_RECEIVER_NOT_EXPORTED_PERMISSION"
22-->[androidx.core:core:1.10.1] AndroidManifest.xml:23:9-81
23        android:protectionLevel="signature" />
23-->[androidx.core:core:1.10.1] AndroidManifest.xml:24:9-44
24
25    <uses-permission android:name="com.nowtask.app.DYNAMIC_RECEIVER_NOT_EXPORTED_PERMISSION" />
25-->[androidx.core:core:1.10.1] AndroidManifest.xml:26:5-97
25-->[androidx.core:core:1.10.1] AndroidManifest.xml:26:22-94
26
27    <application
27-->src\main\AndroidManifest.xml:12:5-73:19
28        android:allowBackup="true"
28-->src\main\AndroidManifest.xml:13:9-35
29        android:appComponentFactory="androidx.core.app.CoreComponentFactory"
29-->[androidx.core:core:1.10.1] AndroidManifest.xml:28:18-86
30        android:debuggable="true"
31        android:extractNativeLibs="false"
32        android:icon="@mipmap/ic_launcher"
32-->src\main\AndroidManifest.xml:14:9-43
33        android:label="@string/app_name"
33-->src\main\AndroidManifest.xml:16:9-41
34        android:roundIcon="@mipmap/ic_launcher"
34-->src\main\AndroidManifest.xml:15:9-48
35        android:supportsRtl="true"
35-->src\main\AndroidManifest.xml:17:9-35
36        android:testOnly="true"
37        android:theme="@style/Theme.AppCompat.Light.NoActionBar"
37-->src\main\AndroidManifest.xml:18:9-65
38        android:usesCleartextTraffic="true" >
38-->src\main\AndroidManifest.xml:19:9-44
39
40        <!-- メインアクティビティ（起動画面） -->
41        <activity
41-->src\main\AndroidManifest.xml:23:9-33:20
42            android:name="com.nowtask.app.MainActivity"
42-->src\main\AndroidManifest.xml:24:13-41
43            android:configChanges="orientation|screenSize|keyboardHidden"
43-->src\main\AndroidManifest.xml:25:13-74
44            android:exported="true"
44-->src\main\AndroidManifest.xml:26:13-36
45            android:screenOrientation="portrait"
45-->src\main\AndroidManifest.xml:27:13-49
46            android:windowSoftInputMode="adjustResize" >
46-->src\main\AndroidManifest.xml:28:13-55
47            <intent-filter>
47-->src\main\AndroidManifest.xml:29:13-32:29
48                <action android:name="android.intent.action.MAIN" />
48-->src\main\AndroidManifest.xml:30:17-69
48-->src\main\AndroidManifest.xml:30:25-66
49
50                <category android:name="android.intent.category.LAUNCHER" />
50-->src\main\AndroidManifest.xml:31:17-77
50-->src\main\AndroidManifest.xml:31:27-74
51            </intent-filter>
52        </activity>
53
54        <!-- クイックタスク追加Activity -->
55        <activity
55-->src\main\AndroidManifest.xml:36:9-40:58
56            android:name="com.nowtask.app.QuickAddTaskActivity"
56-->src\main\AndroidManifest.xml:37:13-49
57            android:exported="false"
57-->src\main\AndroidManifest.xml:38:13-37
58            android:theme="@android:style/Theme.Dialog"
58-->src\main\AndroidManifest.xml:39:13-56
59            android:windowSoftInputMode="adjustResize" />
59-->src\main\AndroidManifest.xml:40:13-55
60
61        <!-- タスクウィジェット -->
62        <receiver
62-->src\main\AndroidManifest.xml:44:9-56:20
63            android:name="com.nowtask.app.widget.TaskWidgetProvider"
63-->src\main\AndroidManifest.xml:45:13-54
64            android:enabled="true"
64-->src\main\AndroidManifest.xml:47:13-35
65            android:exported="true"
65-->src\main\AndroidManifest.xml:46:13-36
66            android:icon="@mipmap/ic_launcher"
66-->src\main\AndroidManifest.xml:49:13-47
67            android:label="@string/app_name" >
67-->src\main\AndroidManifest.xml:48:13-45
68            <intent-filter>
68-->src\main\AndroidManifest.xml:50:13-52:29
69                <action android:name="android.appwidget.action.APPWIDGET_UPDATE" />
69-->src\main\AndroidManifest.xml:51:17-84
69-->src\main\AndroidManifest.xml:51:25-81
70            </intent-filter>
71
72            <meta-data
72-->src\main\AndroidManifest.xml:53:13-55:55
73                android:name="android.appwidget.provider"
73-->src\main\AndroidManifest.xml:54:17-58
74                android:resource="@xml/widget_info" />
74-->src\main\AndroidManifest.xml:55:17-52
75        </receiver>
76
77        <!-- 24時間ゲージウィジェット -->
78        <receiver
78-->src\main\AndroidManifest.xml:59:9-71:20
79            android:name="com.nowtask.app.widget.GaugeWidgetProvider"
79-->src\main\AndroidManifest.xml:60:13-55
80            android:enabled="true"
80-->src\main\AndroidManifest.xml:62:13-35
81            android:exported="true"
81-->src\main\AndroidManifest.xml:61:13-36
82            android:icon="@mipmap/ic_launcher"
82-->src\main\AndroidManifest.xml:64:13-47
83            android:label="24時間ゲージ" >
83-->src\main\AndroidManifest.xml:63:13-36
84            <intent-filter>
84-->src\main\AndroidManifest.xml:50:13-52:29
85                <action android:name="android.appwidget.action.APPWIDGET_UPDATE" />
85-->src\main\AndroidManifest.xml:51:17-84
85-->src\main\AndroidManifest.xml:51:25-81
86            </intent-filter>
87
88            <meta-data
88-->src\main\AndroidManifest.xml:53:13-55:55
89                android:name="android.appwidget.provider"
89-->src\main\AndroidManifest.xml:54:17-58
90                android:resource="@xml/widget_gauge_info" />
90-->src\main\AndroidManifest.xml:55:17-52
91        </receiver>
92
93        <activity
93-->[com.google.android.gms:play-services-auth:21.0.0] AndroidManifest.xml:23:9-27:75
94            android:name="com.google.android.gms.auth.api.signin.internal.SignInHubActivity"
94-->[com.google.android.gms:play-services-auth:21.0.0] AndroidManifest.xml:24:13-93
95            android:excludeFromRecents="true"
95-->[com.google.android.gms:play-services-auth:21.0.0] AndroidManifest.xml:25:13-46
96            android:exported="false"
96-->[com.google.android.gms:play-services-auth:21.0.0] AndroidManifest.xml:26:13-37
97            android:theme="@android:style/Theme.Translucent.NoTitleBar" />
97-->[com.google.android.gms:play-services-auth:21.0.0] AndroidManifest.xml:27:13-72
98        <!--
99            Service handling Google Sign-In user revocation. For apps that do not integrate with
100            Google Sign-In, this service will never be started.
101        -->
102        <service
102-->[com.google.android.gms:play-services-auth:21.0.0] AndroidManifest.xml:33:9-37:51
103            android:name="com.google.android.gms.auth.api.signin.RevocationBoundService"
103-->[com.google.android.gms:play-services-auth:21.0.0] AndroidManifest.xml:34:13-89
104            android:exported="true"
104-->[com.google.android.gms:play-services-auth:21.0.0] AndroidManifest.xml:35:13-36
105            android:permission="com.google.android.gms.auth.api.signin.permission.REVOCATION_NOTIFICATION"
105-->[com.google.android.gms:play-services-auth:21.0.0] AndroidManifest.xml:36:13-107
106            android:visibleToInstantApps="true" />
106-->[com.google.android.gms:play-services-auth:21.0.0] AndroidManifest.xml:37:13-48
107        <service
107-->[com.google.firebase:firebase-auth-ktx:22.3.0] AndroidManifest.xml:8:9-14:19
108            android:name="com.google.firebase.components.ComponentDiscoveryService"
108-->[com.google.firebase:firebase-auth-ktx:22.3.0] AndroidManifest.xml:9:13-84
109            android:directBootAware="true"
109-->[com.google.firebase:firebase-common:20.4.2] AndroidManifest.xml:32:13-43
110            android:exported="false" >
110-->[com.google.firebase:firebase-auth-ktx:22.3.0] AndroidManifest.xml:10:13-37
111            <meta-data
111-->[com.google.firebase:firebase-auth-ktx:22.3.0] AndroidManifest.xml:11:13-13:85
112                android:name="com.google.firebase.components:com.google.firebase.auth.ktx.FirebaseAuthLegacyRegistrar"
112-->[com.google.firebase:firebase-auth-ktx:22.3.0] AndroidManifest.xml:12:17-119
113                android:value="com.google.firebase.components.ComponentRegistrar" />
113-->[com.google.firebase:firebase-auth-ktx:22.3.0] AndroidManifest.xml:13:17-82
114            <meta-data
114-->[com.google.firebase:firebase-auth:22.3.0] AndroidManifest.xml:69:13-71:85
115                android:name="com.google.firebase.components:com.google.firebase.auth.FirebaseAuthRegistrar"
115-->[com.google.firebase:firebase-auth:22.3.0] AndroidManifest.xml:70:17-109
116                android:value="com.google.firebase.components.ComponentRegistrar" />
116-->[com.google.firebase:firebase-auth:22.3.0] AndroidManifest.xml:71:17-82
117            <meta-data
117-->[com.google.firebase:firebase-firestore-ktx:24.10.0] AndroidManifest.xml:12:13-14:85
118                android:name="com.google.firebase.components:com.google.firebase.firestore.ktx.FirebaseFirestoreLegacyRegistrar"
118-->[com.google.firebase:firebase-firestore-ktx:24.10.0] AndroidManifest.xml:13:17-129
119                android:value="com.google.firebase.components.ComponentRegistrar" />
119-->[com.google.firebase:firebase-firestore-ktx:24.10.0] AndroidManifest.xml:14:17-82
120            <meta-data
120-->[com.google.firebase:firebase-firestore:24.10.0] AndroidManifest.xml:17:13-19:85
121                android:name="com.google.firebase.components:com.google.firebase.firestore.FirebaseFirestoreKtxRegistrar"
121-->[com.google.firebase:firebase-firestore:24.10.0] AndroidManifest.xml:18:17-122
122                android:value="com.google.firebase.components.ComponentRegistrar" />
122-->[com.google.firebase:firebase-firestore:24.10.0] AndroidManifest.xml:19:17-82
123            <meta-data
123-->[com.google.firebase:firebase-firestore:24.10.0] AndroidManifest.xml:20:13-22:85
124                android:name="com.google.firebase.components:com.google.firebase.firestore.FirestoreRegistrar"
124-->[com.google.firebase:firebase-firestore:24.10.0] AndroidManifest.xml:21:17-111
125                android:value="com.google.firebase.components.ComponentRegistrar" />
125-->[com.google.firebase:firebase-firestore:24.10.0] AndroidManifest.xml:22:17-82
126            <meta-data
126-->[com.google.firebase:firebase-common-ktx:20.4.2] AndroidManifest.xml:12:13-14:85
127                android:name="com.google.firebase.components:com.google.firebase.ktx.FirebaseCommonLegacyRegistrar"
127-->[com.google.firebase:firebase-common-ktx:20.4.2] AndroidManifest.xml:13:17-116
128                android:value="com.google.firebase.components.ComponentRegistrar" />
128-->[com.google.firebase:firebase-common-ktx:20.4.2] AndroidManifest.xml:14:17-82
129            <meta-data
129-->[com.google.firebase:firebase-common:20.4.2] AndroidManifest.xml:35:13-37:85
130                android:name="com.google.firebase.components:com.google.firebase.FirebaseCommonKtxRegistrar"
130-->[com.google.firebase:firebase-common:20.4.2] AndroidManifest.xml:36:17-109
131                android:value="com.google.firebase.components.ComponentRegistrar" />
131-->[com.google.firebase:firebase-common:20.4.2] AndroidManifest.xml:37:17-82
132        </service>
133
134        <activity
134-->[com.google.firebase:firebase-auth:22.3.0] AndroidManifest.xml:29:9-46:20
135            android:name="com.google.firebase.auth.internal.GenericIdpActivity"
135-->[com.google.firebase:firebase-auth:22.3.0] AndroidManifest.xml:30:13-80
136            android:excludeFromRecents="true"
136-->[com.google.firebase:firebase-auth:22.3.0] AndroidManifest.xml:31:13-46
137            android:exported="true"
137-->[com.google.firebase:firebase-auth:22.3.0] AndroidManifest.xml:32:13-36
138            android:launchMode="singleTask"
138-->[com.google.firebase:firebase-auth:22.3.0] AndroidManifest.xml:33:13-44
139            android:theme="@android:style/Theme.Translucent.NoTitleBar" >
139-->[com.google.firebase:firebase-auth:22.3.0] AndroidManifest.xml:34:13-72
140            <intent-filter>
140-->[com.google.firebase:firebase-auth:22.3.0] AndroidManifest.xml:35:13-45:29
141                <action android:name="android.intent.action.VIEW" />
141-->[com.google.firebase:firebase-auth:22.3.0] AndroidManifest.xml:36:17-69
141-->[com.google.firebase:firebase-auth:22.3.0] AndroidManifest.xml:36:25-66
142
143                <category android:name="android.intent.category.DEFAULT" />
143-->[com.google.firebase:firebase-auth:22.3.0] AndroidManifest.xml:38:17-76
143-->[com.google.firebase:firebase-auth:22.3.0] AndroidManifest.xml:38:27-73
144                <category android:name="android.intent.category.BROWSABLE" />
144-->[com.google.firebase:firebase-auth:22.3.0] AndroidManifest.xml:39:17-78
144-->[com.google.firebase:firebase-auth:22.3.0] AndroidManifest.xml:39:27-75
145
146                <data
146-->[com.google.firebase:firebase-auth:22.3.0] AndroidManifest.xml:41:17-44:51
147                    android:host="firebase.auth"
147-->[com.google.firebase:firebase-auth:22.3.0] AndroidManifest.xml:42:21-49
148                    android:path="/"
148-->[com.google.firebase:firebase-auth:22.3.0] AndroidManifest.xml:43:21-37
149                    android:scheme="genericidp" />
149-->[com.google.firebase:firebase-auth:22.3.0] AndroidManifest.xml:44:21-48
150            </intent-filter>
151        </activity>
152        <activity
152-->[com.google.firebase:firebase-auth:22.3.0] AndroidManifest.xml:47:9-64:20
153            android:name="com.google.firebase.auth.internal.RecaptchaActivity"
153-->[com.google.firebase:firebase-auth:22.3.0] AndroidManifest.xml:48:13-79
154            android:excludeFromRecents="true"
154-->[com.google.firebase:firebase-auth:22.3.0] AndroidManifest.xml:49:13-46
155            android:exported="true"
155-->[com.google.firebase:firebase-auth:22.3.0] AndroidManifest.xml:50:13-36
156            android:launchMode="singleTask"
156-->[com.google.firebase:firebase-auth:22.3.0] AndroidManifest.xml:51:13-44
157            android:theme="@android:style/Theme.Translucent.NoTitleBar" >
157-->[com.google.firebase:firebase-auth:22.3.0] AndroidManifest.xml:52:13-72
158            <intent-filter>
158-->[com.google.firebase:firebase-auth:22.3.0] AndroidManifest.xml:53:13-63:29
159                <action android:name="android.intent.action.VIEW" />
159-->[com.google.firebase:firebase-auth:22.3.0] AndroidManifest.xml:36:17-69
159-->[com.google.firebase:firebase-auth:22.3.0] AndroidManifest.xml:36:25-66
160
161                <category android:name="android.intent.category.DEFAULT" />
161-->[com.google.firebase:firebase-auth:22.3.0] AndroidManifest.xml:38:17-76
161-->[com.google.firebase:firebase-auth:22.3.0] AndroidManifest.xml:38:27-73
162                <category android:name="android.intent.category.BROWSABLE" />
162-->[com.google.firebase:firebase-auth:22.3.0] AndroidManifest.xml:39:17-78
162-->[com.google.firebase:firebase-auth:22.3.0] AndroidManifest.xml:39:27-75
163
164                <data
164-->[com.google.firebase:firebase-auth:22.3.0] AndroidManifest.xml:41:17-44:51
165                    android:host="firebase.auth"
165-->[com.google.firebase:firebase-auth:22.3.0] AndroidManifest.xml:42:21-49
166                    android:path="/"
166-->[com.google.firebase:firebase-auth:22.3.0] AndroidManifest.xml:43:21-37
167                    android:scheme="recaptcha" />
167-->[com.google.firebase:firebase-auth:22.3.0] AndroidManifest.xml:44:21-48
168            </intent-filter>
169        </activity>
170        <activity
170-->[com.google.android.gms:play-services-base:18.0.1] AndroidManifest.xml:20:9-22:45
171            android:name="com.google.android.gms.common.api.GoogleApiActivity"
171-->[com.google.android.gms:play-services-base:18.0.1] AndroidManifest.xml:20:19-85
172            android:exported="false"
172-->[com.google.android.gms:play-services-base:18.0.1] AndroidManifest.xml:22:19-43
173            android:theme="@android:style/Theme.Translucent.NoTitleBar" />
173-->[com.google.android.gms:play-services-base:18.0.1] AndroidManifest.xml:21:19-78
174
175        <provider
175-->[com.google.firebase:firebase-common:20.4.2] AndroidManifest.xml:23:9-28:39
176            android:name="com.google.firebase.provider.FirebaseInitProvider"
176-->[com.google.firebase:firebase-common:20.4.2] AndroidManifest.xml:24:13-77
177            android:authorities="com.nowtask.app.firebaseinitprovider"
177-->[com.google.firebase:firebase-common:20.4.2] AndroidManifest.xml:25:13-72
178            android:directBootAware="true"
178-->[com.google.firebase:firebase-common:20.4.2] AndroidManifest.xml:26:13-43
179            android:exported="false"
179-->[com.google.firebase:firebase-common:20.4.2] AndroidManifest.xml:27:13-37
180            android:initOrder="100" />
180-->[com.google.firebase:firebase-common:20.4.2] AndroidManifest.xml:28:13-36
181
182        <meta-data
182-->[com.google.android.gms:play-services-basement:18.2.0] AndroidManifest.xml:21:9-23:69
183            android:name="com.google.android.gms.version"
183-->[com.google.android.gms:play-services-basement:18.2.0] AndroidManifest.xml:22:13-58
184            android:value="@integer/google_play_services_version" />
184-->[com.google.android.gms:play-services-basement:18.2.0] AndroidManifest.xml:23:13-66
185
186        <provider
186-->[androidx.emoji2:emoji2:1.2.0] AndroidManifest.xml:24:9-32:20
187            android:name="androidx.startup.InitializationProvider"
187-->[androidx.emoji2:emoji2:1.2.0] AndroidManifest.xml:25:13-67
188            android:authorities="com.nowtask.app.androidx-startup"
188-->[androidx.emoji2:emoji2:1.2.0] AndroidManifest.xml:26:13-68
189            android:exported="false" >
189-->[androidx.emoji2:emoji2:1.2.0] AndroidManifest.xml:27:13-37
190            <meta-data
190-->[androidx.emoji2:emoji2:1.2.0] AndroidManifest.xml:29:13-31:52
191                android:name="androidx.emoji2.text.EmojiCompatInitializer"
191-->[androidx.emoji2:emoji2:1.2.0] AndroidManifest.xml:30:17-75
192                android:value="androidx.startup" />
192-->[androidx.emoji2:emoji2:1.2.0] AndroidManifest.xml:31:17-49
193            <meta-data
193-->[androidx.work:work-runtime:2.8.1] AndroidManifest.xml:34:13-36:52
194                android:name="androidx.work.WorkManagerInitializer"
194-->[androidx.work:work-runtime:2.8.1] AndroidManifest.xml:35:17-68
195                android:value="androidx.startup" />
195-->[androidx.work:work-runtime:2.8.1] AndroidManifest.xml:36:17-49
196            <meta-data
196-->[androidx.lifecycle:lifecycle-process:2.4.1] AndroidManifest.xml:31:13-33:52
197                android:name="androidx.lifecycle.ProcessLifecycleInitializer"
197-->[androidx.lifecycle:lifecycle-process:2.4.1] AndroidManifest.xml:32:17-78
198                android:value="androidx.startup" />
198-->[androidx.lifecycle:lifecycle-process:2.4.1] AndroidManifest.xml:33:17-49
199        </provider>
200
201        <service
201-->[androidx.work:work-runtime:2.8.1] AndroidManifest.xml:39:9-45:35
202            android:name="androidx.work.impl.background.systemalarm.SystemAlarmService"
202-->[androidx.work:work-runtime:2.8.1] AndroidManifest.xml:40:13-88
203            android:directBootAware="false"
203-->[androidx.work:work-runtime:2.8.1] AndroidManifest.xml:41:13-44
204            android:enabled="@bool/enable_system_alarm_service_default"
204-->[androidx.work:work-runtime:2.8.1] AndroidManifest.xml:42:13-72
205            android:exported="false" />
205-->[androidx.work:work-runtime:2.8.1] AndroidManifest.xml:43:13-37
206        <service
206-->[androidx.work:work-runtime:2.8.1] AndroidManifest.xml:46:9-52:35
207            android:name="androidx.work.impl.background.systemjob.SystemJobService"
207-->[androidx.work:work-runtime:2.8.1] AndroidManifest.xml:47:13-84
208            android:directBootAware="false"
208-->[androidx.work:work-runtime:2.8.1] AndroidManifest.xml:48:13-44
209            android:enabled="@bool/enable_system_job_service_default"
209-->[androidx.work:work-runtime:2.8.1] AndroidManifest.xml:49:13-70
210            android:exported="true"
210-->[androidx.work:work-runtime:2.8.1] AndroidManifest.xml:50:13-36
211            android:permission="android.permission.BIND_JOB_SERVICE" />
211-->[androidx.work:work-runtime:2.8.1] AndroidManifest.xml:51:13-69
212        <service
212-->[androidx.work:work-runtime:2.8.1] AndroidManifest.xml:53:9-59:35
213            android:name="androidx.work.impl.foreground.SystemForegroundService"
213-->[androidx.work:work-runtime:2.8.1] AndroidManifest.xml:54:13-81
214            android:directBootAware="false"
214-->[androidx.work:work-runtime:2.8.1] AndroidManifest.xml:55:13-44
215            android:enabled="@bool/enable_system_foreground_service_default"
215-->[androidx.work:work-runtime:2.8.1] AndroidManifest.xml:56:13-77
216            android:exported="false" />
216-->[androidx.work:work-runtime:2.8.1] AndroidManifest.xml:57:13-37
217
218        <receiver
218-->[androidx.work:work-runtime:2.8.1] AndroidManifest.xml:61:9-66:35
219            android:name="androidx.work.impl.utils.ForceStopRunnable$BroadcastReceiver"
219-->[androidx.work:work-runtime:2.8.1] AndroidManifest.xml:62:13-88
220            android:directBootAware="false"
220-->[androidx.work:work-runtime:2.8.1] AndroidManifest.xml:63:13-44
221            android:enabled="true"
221-->[androidx.work:work-runtime:2.8.1] AndroidManifest.xml:64:13-35
222            android:exported="false" />
222-->[androidx.work:work-runtime:2.8.1] AndroidManifest.xml:65:13-37
223        <receiver
223-->[androidx.work:work-runtime:2.8.1] AndroidManifest.xml:67:9-77:20
224            android:name="androidx.work.impl.background.systemalarm.ConstraintProxy$BatteryChargingProxy"
224-->[androidx.work:work-runtime:2.8.1] AndroidManifest.xml:68:13-106
225            android:directBootAware="false"
225-->[androidx.work:work-runtime:2.8.1] AndroidManifest.xml:69:13-44
226            android:enabled="false"
226-->[androidx.work:work-runtime:2.8.1] AndroidManifest.xml:70:13-36
227            android:exported="false" >
227-->[androidx.work:work-runtime:2.8.1] AndroidManifest.xml:71:13-37
228            <intent-filter>
228-->[androidx.work:work-runtime:2.8.1] AndroidManifest.xml:73:13-76:29
229                <action android:name="android.intent.action.ACTION_POWER_CONNECTED" />
229-->[androidx.work:work-runtime:2.8.1] AndroidManifest.xml:74:17-87
229-->[androidx.work:work-runtime:2.8.1] AndroidManifest.xml:74:25-84
230                <action android:name="android.intent.action.ACTION_POWER_DISCONNECTED" />
230-->[androidx.work:work-runtime:2.8.1] AndroidManifest.xml:75:17-90
230-->[androidx.work:work-runtime:2.8.1] AndroidManifest.xml:75:25-87
231            </intent-filter>
232        </receiver>
233        <receiver
233-->[androidx.work:work-runtime:2.8.1] AndroidManifest.xml:78:9-88:20
234            android:name="androidx.work.impl.background.systemalarm.ConstraintProxy$BatteryNotLowProxy"
234-->[androidx.work:work-runtime:2.8.1] AndroidManifest.xml:79:13-104
235            android:directBootAware="false"
235-->[androidx.work:work-runtime:2.8.1] AndroidManifest.xml:80:13-44
236            android:enabled="false"
236-->[androidx.work:work-runtime:2.8.1] AndroidManifest.xml:81:13-36
237            android:exported="false" >
237-->[androidx.work:work-runtime:2.8.1] AndroidManifest.xml:82:13-37
238            <intent-filter>
238-->[androidx.work:work-runtime:2.8.1] AndroidManifest.xml:84:13-87:29
239                <action android:name="android.intent.action.BATTERY_OKAY" />
239-->[androidx.work:work-runtime:2.8.1] AndroidManifest.xml:85:17-77
239-->[androidx.work:work-runtime:2.8.1] AndroidManifest.xml:85:25-74
240                <action android:name="android.intent.action.BATTERY_LOW" />
240-->[androidx.work:work-runtime:2.8.1] AndroidManifest.xml:86:17-76
240-->[androidx.work:work-runtime:2.8.1] AndroidManifest.xml:86:25-73
241            </intent-filter>
242        </receiver>
243        <receiver
243-->[androidx.work:work-runtime:2.8.1] AndroidManifest.xml:89:9-99:20
244            android:name="androidx.work.impl.background.systemalarm.ConstraintProxy$StorageNotLowProxy"
244-->[androidx.work:work-runtime:2.8.1] AndroidManifest.xml:90:13-104
245            android:directBootAware="false"
245-->[androidx.work:work-runtime:2.8.1] AndroidManifest.xml:91:13-44
246            android:enabled="false"
246-->[androidx.work:work-runtime:2.8.1] AndroidManifest.xml:92:13-36
247            android:exported="false" >
247-->[androidx.work:work-runtime:2.8.1] AndroidManifest.xml:93:13-37
248            <intent-filter>
248-->[androidx.work:work-runtime:2.8.1] AndroidManifest.xml:95:13-98:29
249                <action android:name="android.intent.action.DEVICE_STORAGE_LOW" />
249-->[androidx.work:work-runtime:2.8.1] AndroidManifest.xml:96:17-83
249-->[androidx.work:work-runtime:2.8.1] AndroidManifest.xml:96:25-80
250                <action android:name="android.intent.action.DEVICE_STORAGE_OK" />
250-->[androidx.work:work-runtime:2.8.1] AndroidManifest.xml:97:17-82
250-->[androidx.work:work-runtime:2.8.1] AndroidManifest.xml:97:25-79
251            </intent-filter>
252        </receiver>
253        <receiver
253-->[androidx.work:work-runtime:2.8.1] AndroidManifest.xml:100:9-109:20
254            android:name="androidx.work.impl.background.systemalarm.ConstraintProxy$NetworkStateProxy"
254-->[androidx.work:work-runtime:2.8.1] AndroidManifest.xml:101:13-103
255            android:directBootAware="false"
255-->[androidx.work:work-runtime:2.8.1] AndroidManifest.xml:102:13-44
256            android:enabled="false"
256-->[androidx.work:work-runtime:2.8.1] AndroidManifest.xml:103:13-36
257            android:exported="false" >
257-->[androidx.work:work-runtime:2.8.1] AndroidManifest.xml:104:13-37
258            <intent-filter>
258-->[androidx.work:work-runtime:2.8.1] AndroidManifest.xml:106:13-108:29
259                <action android:name="android.net.conn.CONNECTIVITY_CHANGE" />
259-->[androidx.work:work-runtime:2.8.1] AndroidManifest.xml:107:17-79
259-->[androidx.work:work-runtime:2.8.1] AndroidManifest.xml:107:25-76
260            </intent-filter>
261        </receiver>
262        <receiver
262-->[androidx.work:work-runtime:2.8.1] AndroidManifest.xml:110:9-121:20
263            android:name="androidx.work.impl.background.systemalarm.RescheduleReceiver"
263-->[androidx.work:work-runtime:2.8.1] AndroidManifest.xml:111:13-88
264            android:directBootAware="false"
264-->[androidx.work:work-runtime:2.8.1] AndroidManifest.xml:112:13-44
265            android:enabled="false"
265-->[androidx.work:work-runtime:2.8.1] AndroidManifest.xml:113:13-36
266            android:exported="false" >
266-->[androidx.work:work-runtime:2.8.1] AndroidManifest.xml:114:13-37
267            <intent-filter>
267-->[androidx.work:work-runtime:2.8.1] AndroidManifest.xml:116:13-120:29
268                <action android:name="android.intent.action.BOOT_COMPLETED" />
268-->[androidx.work:work-runtime:2.8.1] AndroidManifest.xml:117:17-79
268-->[androidx.work:work-runtime:2.8.1] AndroidManifest.xml:117:25-76
269                <action android:name="android.intent.action.TIME_SET" />
269-->[androidx.work:work-runtime:2.8.1] AndroidManifest.xml:118:17-73
269-->[androidx.work:work-runtime:2.8.1] AndroidManifest.xml:118:25-70
270                <action android:name="android.intent.action.TIMEZONE_CHANGED" />
270-->[androidx.work:work-runtime:2.8.1] AndroidManifest.xml:119:17-81
270-->[androidx.work:work-runtime:2.8.1] AndroidManifest.xml:119:25-78
271            </intent-filter>
272        </receiver>
273        <receiver
273-->[androidx.work:work-runtime:2.8.1] AndroidManifest.xml:122:9-131:20
274            android:name="androidx.work.impl.background.systemalarm.ConstraintProxyUpdateReceiver"
274-->[androidx.work:work-runtime:2.8.1] AndroidManifest.xml:123:13-99
275            android:directBootAware="false"
275-->[androidx.work:work-runtime:2.8.1] AndroidManifest.xml:124:13-44
276            android:enabled="@bool/enable_system_alarm_service_default"
276-->[androidx.work:work-runtime:2.8.1] AndroidManifest.xml:125:13-72
277            android:exported="false" >
277-->[androidx.work:work-runtime:2.8.1] AndroidManifest.xml:126:13-37
278            <intent-filter>
278-->[androidx.work:work-runtime:2.8.1] AndroidManifest.xml:128:13-130:29
279                <action android:name="androidx.work.impl.background.systemalarm.UpdateProxies" />
279-->[androidx.work:work-runtime:2.8.1] AndroidManifest.xml:129:17-98
279-->[androidx.work:work-runtime:2.8.1] AndroidManifest.xml:129:25-95
280            </intent-filter>
281        </receiver>
282        <receiver
282-->[androidx.work:work-runtime:2.8.1] AndroidManifest.xml:132:9-142:20